<?xml version="1.0" encoding="UTF-8"?>
<testng-results ignored="0" total="1" passed="1" failed="0" skipped="0">
  <reporter-output>
  </reporter-output>
  <suite started-at="2024-03-14T17:30:32 IST" name="Default suite" finished-at="2024-03-14T17:30:34 IST" duration-ms="1917">
    <groups>
    </groups>
    <test started-at="2024-03-14T17:30:32 IST" name="Default test" finished-at="2024-03-14T17:30:34 IST" duration-ms="1917">
      <class name="Spec_Builder">
        <test-method signature="Request_Builder()[pri:0, instance:Spec_Builder@5ab956d7]" started-at="2024-03-14T17:30:32 IST" name="Request_Builder" finished-at="2024-03-14T17:30:34 IST" duration-ms="1896" status="PASS">
          <reporter-output>
          </reporter-output>
        </test-method> <!-- Request_Builder -->
      </class> <!-- Spec_Builder -->
    </test> <!-- Default test -->
  </suite> <!-- Default suite -->
</testng-results>
